<?xml version="1.0" encoding="UTF-8"?>
<!-- Generated by org.testng.reporters.JUnitXMLReporter -->
<testsuite hostname="L1024195" ignored="0" name="Default test" tests="3" failures="0" timestamp="28 May 2020 00:18:32 GMT" time="140.245" errors="0">
  <testcase name="Homepagetitletest" time="0.429" classname="afw.TestCases.HomePageTest"/>
  <testcase name="Homepagelogotest" time="1.966" classname="afw.TestCases.HomePageTest"/>
  <testcase name="SigninTest" time="9.189" classname="afw.TestCases.HomePageTest"/>
</testsuite> <!-- Default test -->
