<?xml version="1.0" encoding="UTF-8"?>
<testng-results skipped="0" failed="0" ignored="0" total="3" passed="3">
  <reporter-output>
  </reporter-output>
  <suite name="Default suite" duration-ms="140245" started-at="2020-05-28T00:16:12Z" finished-at="2020-05-28T00:18:32Z">
    <groups>
    </groups>
    <test name="Default test" duration-ms="140245" started-at="2020-05-28T00:16:12Z" finished-at="2020-05-28T00:18:32Z">
      <class name="afw.TestCases.HomePageTest">
        <test-method status="PASS" signature="setUp()[pri:0, instance:afw.TestCases.HomePageTest@153f17c]" name="setUp" is-config="true" duration-ms="44053" started-at="2020-05-28T00:16:12Z" finished-at="2020-05-28T00:16:56Z">
          <reporter-output>
          </reporter-output>
        </test-method> <!-- setUp -->
        <test-method status="PASS" signature="Homepagetitletest()[pri:1, instance:afw.TestCases.HomePageTest@153f17c]" name="Homepagetitletest" duration-ms="429" started-at="2020-05-28T00:16:56Z" finished-at="2020-05-28T00:16:56Z">
          <reporter-output>
          </reporter-output>
        </test-method> <!-- Homepagetitletest -->
        <test-method status="PASS" signature="tearDown()[pri:0, instance:afw.TestCases.HomePageTest@153f17c]" name="tearDown" is-config="true" duration-ms="3721" started-at="2020-05-28T00:16:56Z" finished-at="2020-05-28T00:17:00Z">
          <reporter-output>
          </reporter-output>
        </test-method> <!-- tearDown -->
        <test-method status="PASS" signature="setUp()[pri:0, instance:afw.TestCases.HomePageTest@153f17c]" name="setUp" is-config="true" duration-ms="36856" started-at="2020-05-28T00:17:00Z" finished-at="2020-05-28T00:17:37Z">
          <reporter-output>
          </reporter-output>
        </test-method> <!-- setUp -->
        <test-method status="PASS" signature="Homepagelogotest()[pri:2, instance:afw.TestCases.HomePageTest@153f17c]" name="Homepagelogotest" duration-ms="1966" started-at="2020-05-28T00:17:37Z" finished-at="2020-05-28T00:17:39Z">
          <reporter-output>
          </reporter-output>
        </test-method> <!-- Homepagelogotest -->
        <test-method status="PASS" signature="tearDown()[pri:0, instance:afw.TestCases.HomePageTest@153f17c]" name="tearDown" is-config="true" duration-ms="3367" started-at="2020-05-28T00:17:39Z" finished-at="2020-05-28T00:17:42Z">
          <reporter-output>
          </reporter-output>
        </test-method> <!-- tearDown -->
        <test-method status="PASS" signature="setUp()[pri:0, instance:afw.TestCases.HomePageTest@153f17c]" name="setUp" is-config="true" duration-ms="38639" started-at="2020-05-28T00:17:42Z" finished-at="2020-05-28T00:18:21Z">
          <reporter-output>
          </reporter-output>
        </test-method> <!-- setUp -->
        <test-method status="PASS" signature="SigninTest()[pri:3, instance:afw.TestCases.HomePageTest@153f17c]" name="SigninTest" duration-ms="9189" started-at="2020-05-28T00:18:21Z" finished-at="2020-05-28T00:18:30Z">
          <reporter-output>
          </reporter-output>
        </test-method> <!-- SigninTest -->
        <test-method status="PASS" signature="tearDown()[pri:0, instance:afw.TestCases.HomePageTest@153f17c]" name="tearDown" is-config="true" duration-ms="1882" started-at="2020-05-28T00:18:30Z" finished-at="2020-05-28T00:18:32Z">
          <reporter-output>
          </reporter-output>
        </test-method> <!-- tearDown -->
      </class> <!-- afw.TestCases.HomePageTest -->
    </test> <!-- Default test -->
  </suite> <!-- Default suite -->
</testng-results>
